Determining if the include file malloc.h exists failed with the following output:
Change Dir: /Users/rvjansen/apps/oorexx-code-0/CMakeFiles/CMakeTmp

Run Build Command:"/usr/bin/make" "cmTC_78cbd/fast"
/Applications/Xcode.app/Contents/Developer/usr/bin/make -f CMakeFiles/cmTC_78cbd.dir/build.make CMakeFiles/cmTC_78cbd.dir/build
Building C object CMakeFiles/cmTC_78cbd.dir/CheckIncludeFile.c.o
/Applications/Xcode.app/Contents/Developer/Toolchains/XcodeDefault.xctoolchain/usr/bin/cc   -isysroot /Applications/Xcode.app/Contents/Developer/Platforms/MacOSX.platform/Developer/SDKs/MacOSX10.14.sdk   -o CMakeFiles/cmTC_78cbd.dir/CheckIncludeFile.c.o   -c /Users/rvjansen/apps/oorexx-code-0/CMakeFiles/CMakeTmp/CheckIncludeFile.c
/Users/rvjansen/apps/oorexx-code-0/CMakeFiles/CMakeTmp/CheckIncludeFile.c:1:10: fatal error: 'malloc.h' file not found
#include <malloc.h>
         ^~~~~~~~~~
1 error generated.
make[1]: *** [CMakeFiles/cmTC_78cbd.dir/CheckIncludeFile.c.o] Error 1
make: *** [cmTC_78cbd/fast] Error 2


Determining if the function nsleep exists failed with the following output:
Change Dir: /Users/rvjansen/apps/oorexx-code-0/CMakeFiles/CMakeTmp

Run Build Command:"/usr/bin/make" "cmTC_47010/fast"
/Applications/Xcode.app/Contents/Developer/usr/bin/make -f CMakeFiles/cmTC_47010.dir/build.make CMakeFiles/cmTC_47010.dir/build
Building C object CMakeFiles/cmTC_47010.dir/CheckFunctionExists.c.o
/Applications/Xcode.app/Contents/Developer/Toolchains/XcodeDefault.xctoolchain/usr/bin/cc   -DCHECK_FUNCTION_EXISTS=nsleep -isysroot /Applications/Xcode.app/Contents/Developer/Platforms/MacOSX.platform/Developer/SDKs/MacOSX10.14.sdk   -o CMakeFiles/cmTC_47010.dir/CheckFunctionExists.c.o   -c /Applications/CMake.app/Contents/share/cmake-3.13/Modules/CheckFunctionExists.c
Linking C executable cmTC_47010
/Applications/CMake.app/Contents/bin/cmake -E cmake_link_script CMakeFiles/cmTC_47010.dir/link.txt --verbose=1
/Applications/Xcode.app/Contents/Developer/Toolchains/XcodeDefault.xctoolchain/usr/bin/cc  -DCHECK_FUNCTION_EXISTS=nsleep -isysroot /Applications/Xcode.app/Contents/Developer/Platforms/MacOSX.platform/Developer/SDKs/MacOSX10.14.sdk -Wl,-search_paths_first -Wl,-headerpad_max_install_names -L/usr/local/opt/gettext/lib  CMakeFiles/cmTC_47010.dir/CheckFunctionExists.c.o  -o cmTC_47010 
ld: warning: directory not found for option '-L/usr/local/opt/gettext/lib'
Undefined symbols for architecture x86_64:
  "_nsleep", referenced from:
      _main in CheckFunctionExists.c.o
ld: symbol(s) not found for architecture x86_64
clang: error: linker command failed with exit code 1 (use -v to see invocation)
make[1]: *** [cmTC_47010] Error 1
make: *** [cmTC_47010/fast] Error 2


Determining if the include file attr/xattr.h exists failed with the following output:
Change Dir: /Users/rvjansen/apps/oorexx-code-0/CMakeFiles/CMakeTmp

Run Build Command:"/usr/bin/make" "cmTC_de369/fast"
/Applications/Xcode.app/Contents/Developer/usr/bin/make -f CMakeFiles/cmTC_de369.dir/build.make CMakeFiles/cmTC_de369.dir/build
Building C object CMakeFiles/cmTC_de369.dir/CheckIncludeFile.c.o
/Applications/Xcode.app/Contents/Developer/Toolchains/XcodeDefault.xctoolchain/usr/bin/cc   -isysroot /Applications/Xcode.app/Contents/Developer/Platforms/MacOSX.platform/Developer/SDKs/MacOSX10.14.sdk   -o CMakeFiles/cmTC_de369.dir/CheckIncludeFile.c.o   -c /Users/rvjansen/apps/oorexx-code-0/CMakeFiles/CMakeTmp/CheckIncludeFile.c
/Users/rvjansen/apps/oorexx-code-0/CMakeFiles/CMakeTmp/CheckIncludeFile.c:1:10: fatal error: 'attr/xattr.h' file not found
#include <attr/xattr.h>
         ^~~~~~~~~~~~~~
1 error generated.
make[1]: *** [CMakeFiles/cmTC_de369.dir/CheckIncludeFile.c.o] Error 1
make: *** [cmTC_de369/fast] Error 2


Determining if the include file features.h exists failed with the following output:
Change Dir: /Users/rvjansen/apps/oorexx-code-0/CMakeFiles/CMakeTmp

Run Build Command:"/usr/bin/make" "cmTC_1dd03/fast"
/Applications/Xcode.app/Contents/Developer/usr/bin/make -f CMakeFiles/cmTC_1dd03.dir/build.make CMakeFiles/cmTC_1dd03.dir/build
Building C object CMakeFiles/cmTC_1dd03.dir/CheckIncludeFile.c.o
/Applications/Xcode.app/Contents/Developer/Toolchains/XcodeDefault.xctoolchain/usr/bin/cc   -isysroot /Applications/Xcode.app/Contents/Developer/Platforms/MacOSX.platform/Developer/SDKs/MacOSX10.14.sdk   -o CMakeFiles/cmTC_1dd03.dir/CheckIncludeFile.c.o   -c /Users/rvjansen/apps/oorexx-code-0/CMakeFiles/CMakeTmp/CheckIncludeFile.c
/Users/rvjansen/apps/oorexx-code-0/CMakeFiles/CMakeTmp/CheckIncludeFile.c:1:10: fatal error: 'features.h' file not found
#include <features.h>
         ^~~~~~~~~~~~
1 error generated.
make[1]: *** [CMakeFiles/cmTC_1dd03.dir/CheckIncludeFile.c.o] Error 1
make: *** [cmTC_1dd03/fast] Error 2


Determining if the include file filehdr.h exists failed with the following output:
Change Dir: /Users/rvjansen/apps/oorexx-code-0/CMakeFiles/CMakeTmp

Run Build Command:"/usr/bin/make" "cmTC_9a24f/fast"
/Applications/Xcode.app/Contents/Developer/usr/bin/make -f CMakeFiles/cmTC_9a24f.dir/build.make CMakeFiles/cmTC_9a24f.dir/build
Building C object CMakeFiles/cmTC_9a24f.dir/CheckIncludeFile.c.o
/Applications/Xcode.app/Contents/Developer/Toolchains/XcodeDefault.xctoolchain/usr/bin/cc   -isysroot /Applications/Xcode.app/Contents/Developer/Platforms/MacOSX.platform/Developer/SDKs/MacOSX10.14.sdk   -o CMakeFiles/cmTC_9a24f.dir/CheckIncludeFile.c.o   -c /Users/rvjansen/apps/oorexx-code-0/CMakeFiles/CMakeTmp/CheckIncludeFile.c
/Users/rvjansen/apps/oorexx-code-0/CMakeFiles/CMakeTmp/CheckIncludeFile.c:1:10: fatal error: 'filehdr.h' file not found
#include <filehdr.h>
         ^~~~~~~~~~~
1 error generated.
make[1]: *** [CMakeFiles/cmTC_9a24f.dir/CheckIncludeFile.c.o] Error 1
make: *** [cmTC_9a24f/fast] Error 2


Determining if the function IDtouser exists failed with the following output:
Change Dir: /Users/rvjansen/apps/oorexx-code-0/CMakeFiles/CMakeTmp

Run Build Command:"/usr/bin/make" "cmTC_5d21f/fast"
/Applications/Xcode.app/Contents/Developer/usr/bin/make -f CMakeFiles/cmTC_5d21f.dir/build.make CMakeFiles/cmTC_5d21f.dir/build
Building C object CMakeFiles/cmTC_5d21f.dir/CheckFunctionExists.c.o
/Applications/Xcode.app/Contents/Developer/Toolchains/XcodeDefault.xctoolchain/usr/bin/cc   -DCHECK_FUNCTION_EXISTS=IDtouser -isysroot /Applications/Xcode.app/Contents/Developer/Platforms/MacOSX.platform/Developer/SDKs/MacOSX10.14.sdk   -o CMakeFiles/cmTC_5d21f.dir/CheckFunctionExists.c.o   -c /Applications/CMake.app/Contents/share/cmake-3.13/Modules/CheckFunctionExists.c
Linking C executable cmTC_5d21f
/Applications/CMake.app/Contents/bin/cmake -E cmake_link_script CMakeFiles/cmTC_5d21f.dir/link.txt --verbose=1
/Applications/Xcode.app/Contents/Developer/Toolchains/XcodeDefault.xctoolchain/usr/bin/cc  -DCHECK_FUNCTION_EXISTS=IDtouser -isysroot /Applications/Xcode.app/Contents/Developer/Platforms/MacOSX.platform/Developer/SDKs/MacOSX10.14.sdk -Wl,-search_paths_first -Wl,-headerpad_max_install_names -L/usr/local/opt/gettext/lib  CMakeFiles/cmTC_5d21f.dir/CheckFunctionExists.c.o  -o cmTC_5d21f 
ld: warning: directory not found for option '-L/usr/local/opt/gettext/lib'
Undefined symbols for architecture x86_64:
  "_IDtouser", referenced from:
      _main in CheckFunctionExists.c.o
ld: symbol(s) not found for architecture x86_64
clang: error: linker command failed with exit code 1 (use -v to see invocation)
make[1]: *** [cmTC_5d21f] Error 1
make: *** [cmTC_5d21f/fast] Error 2


Determining if the include file mesg.h exists failed with the following output:
Change Dir: /Users/rvjansen/apps/oorexx-code-0/CMakeFiles/CMakeTmp

Run Build Command:"/usr/bin/make" "cmTC_e4f5e/fast"
/Applications/Xcode.app/Contents/Developer/usr/bin/make -f CMakeFiles/cmTC_e4f5e.dir/build.make CMakeFiles/cmTC_e4f5e.dir/build
Building C object CMakeFiles/cmTC_e4f5e.dir/CheckIncludeFile.c.o
/Applications/Xcode.app/Contents/Developer/Toolchains/XcodeDefault.xctoolchain/usr/bin/cc   -isysroot /Applications/Xcode.app/Contents/Developer/Platforms/MacOSX.platform/Developer/SDKs/MacOSX10.14.sdk   -o CMakeFiles/cmTC_e4f5e.dir/CheckIncludeFile.c.o   -c /Users/rvjansen/apps/oorexx-code-0/CMakeFiles/CMakeTmp/CheckIncludeFile.c
/Users/rvjansen/apps/oorexx-code-0/CMakeFiles/CMakeTmp/CheckIncludeFile.c:1:10: fatal error: 'mesg.h' file not found
#include <mesg.h>
         ^~~~~~~~
1 error generated.
make[1]: *** [CMakeFiles/cmTC_e4f5e.dir/CheckIncludeFile.c.o] Error 1
make: *** [cmTC_e4f5e/fast] Error 2


Determining if the include file stropts.h exists failed with the following output:
Change Dir: /Users/rvjansen/apps/oorexx-code-0/CMakeFiles/CMakeTmp

Run Build Command:"/usr/bin/make" "cmTC_4596a/fast"
/Applications/Xcode.app/Contents/Developer/usr/bin/make -f CMakeFiles/cmTC_4596a.dir/build.make CMakeFiles/cmTC_4596a.dir/build
Building C object CMakeFiles/cmTC_4596a.dir/CheckIncludeFile.c.o
/Applications/Xcode.app/Contents/Developer/Toolchains/XcodeDefault.xctoolchain/usr/bin/cc -D_GNU_SOURCE=1  -isysroot /Applications/Xcode.app/Contents/Developer/Platforms/MacOSX.platform/Developer/SDKs/MacOSX10.14.sdk   -o CMakeFiles/cmTC_4596a.dir/CheckIncludeFile.c.o   -c /Users/rvjansen/apps/oorexx-code-0/CMakeFiles/CMakeTmp/CheckIncludeFile.c
/Users/rvjansen/apps/oorexx-code-0/CMakeFiles/CMakeTmp/CheckIncludeFile.c:1:10: fatal error: 'stropts.h' file not found
#include <stropts.h>
         ^~~~~~~~~~~
1 error generated.
make[1]: *** [CMakeFiles/cmTC_4596a.dir/CheckIncludeFile.c.o] Error 1
make: *** [cmTC_4596a/fast] Error 2


Determining if the include file sys/ldr.h exists failed with the following output:
Change Dir: /Users/rvjansen/apps/oorexx-code-0/CMakeFiles/CMakeTmp

Run Build Command:"/usr/bin/make" "cmTC_a2a3c/fast"
/Applications/Xcode.app/Contents/Developer/usr/bin/make -f CMakeFiles/cmTC_a2a3c.dir/build.make CMakeFiles/cmTC_a2a3c.dir/build
Building C object CMakeFiles/cmTC_a2a3c.dir/CheckIncludeFile.c.o
/Applications/Xcode.app/Contents/Developer/Toolchains/XcodeDefault.xctoolchain/usr/bin/cc -D_GNU_SOURCE=1  -isysroot /Applications/Xcode.app/Contents/Developer/Platforms/MacOSX.platform/Developer/SDKs/MacOSX10.14.sdk   -o CMakeFiles/cmTC_a2a3c.dir/CheckIncludeFile.c.o   -c /Users/rvjansen/apps/oorexx-code-0/CMakeFiles/CMakeTmp/CheckIncludeFile.c
/Users/rvjansen/apps/oorexx-code-0/CMakeFiles/CMakeTmp/CheckIncludeFile.c:1:10: fatal error: 'sys/ldr.h' file not found
#include <sys/ldr.h>
         ^~~~~~~~~~~
1 error generated.
make[1]: *** [CMakeFiles/cmTC_a2a3c.dir/CheckIncludeFile.c.o] Error 1
make: *** [cmTC_a2a3c/fast] Error 2


Determining if the include file usersec.h exists failed with the following output:
Change Dir: /Users/rvjansen/apps/oorexx-code-0/CMakeFiles/CMakeTmp

Run Build Command:"/usr/bin/make" "cmTC_6e03e/fast"
/Applications/Xcode.app/Contents/Developer/usr/bin/make -f CMakeFiles/cmTC_6e03e.dir/build.make CMakeFiles/cmTC_6e03e.dir/build
Building C object CMakeFiles/cmTC_6e03e.dir/CheckIncludeFile.c.o
/Applications/Xcode.app/Contents/Developer/Toolchains/XcodeDefault.xctoolchain/usr/bin/cc -D_GNU_SOURCE=1  -isysroot /Applications/Xcode.app/Contents/Developer/Platforms/MacOSX.platform/Developer/SDKs/MacOSX10.14.sdk   -o CMakeFiles/cmTC_6e03e.dir/CheckIncludeFile.c.o   -c /Users/rvjansen/apps/oorexx-code-0/CMakeFiles/CMakeTmp/CheckIncludeFile.c
/Users/rvjansen/apps/oorexx-code-0/CMakeFiles/CMakeTmp/CheckIncludeFile.c:1:10: fatal error: 'usersec.h' file not found
#include <usersec.h>
         ^~~~~~~~~~~
1 error generated.
make[1]: *** [CMakeFiles/cmTC_6e03e.dir/CheckIncludeFile.c.o] Error 1
make: *** [cmTC_6e03e/fast] Error 2


Determining if the function pthread_mutex_timedlock exists failed with the following output:
Change Dir: /Users/rvjansen/apps/oorexx-code-0/CMakeFiles/CMakeTmp

Run Build Command:"/usr/bin/make" "cmTC_8d73d/fast"
/Applications/Xcode.app/Contents/Developer/usr/bin/make -f CMakeFiles/cmTC_8d73d.dir/build.make CMakeFiles/cmTC_8d73d.dir/build
Building C object CMakeFiles/cmTC_8d73d.dir/CheckFunctionExists.c.o
/Applications/Xcode.app/Contents/Developer/Toolchains/XcodeDefault.xctoolchain/usr/bin/cc -D_GNU_SOURCE=1  -DCHECK_FUNCTION_EXISTS=pthread_mutex_timedlock -isysroot /Applications/Xcode.app/Contents/Developer/Platforms/MacOSX.platform/Developer/SDKs/MacOSX10.14.sdk   -o CMakeFiles/cmTC_8d73d.dir/CheckFunctionExists.c.o   -c /Applications/CMake.app/Contents/share/cmake-3.13/Modules/CheckFunctionExists.c
Linking C executable cmTC_8d73d
/Applications/CMake.app/Contents/bin/cmake -E cmake_link_script CMakeFiles/cmTC_8d73d.dir/link.txt --verbose=1
/Applications/Xcode.app/Contents/Developer/Toolchains/XcodeDefault.xctoolchain/usr/bin/cc  -DCHECK_FUNCTION_EXISTS=pthread_mutex_timedlock -isysroot /Applications/Xcode.app/Contents/Developer/Platforms/MacOSX.platform/Developer/SDKs/MacOSX10.14.sdk -Wl,-search_paths_first -Wl,-headerpad_max_install_names -L/usr/local/opt/gettext/lib  CMakeFiles/cmTC_8d73d.dir/CheckFunctionExists.c.o  -o cmTC_8d73d -lpthread 
ld: warning: directory not found for option '-L/usr/local/opt/gettext/lib'
Undefined symbols for architecture x86_64:
  "_pthread_mutex_timedlock", referenced from:
      _main in CheckFunctionExists.c.o
ld: symbol(s) not found for architecture x86_64
clang: error: linker command failed with exit code 1 (use -v to see invocation)
make[1]: *** [cmTC_8d73d] Error 1
make: *** [cmTC_8d73d/fast] Error 2


Determining if the KDMKTONE exist failed with the following output:
Change Dir: /Users/rvjansen/apps/oorexx-code-0/CMakeFiles/CMakeTmp

Run Build Command:"/usr/bin/make" "cmTC_39bb1/fast"
/Applications/Xcode.app/Contents/Developer/usr/bin/make -f CMakeFiles/cmTC_39bb1.dir/build.make CMakeFiles/cmTC_39bb1.dir/build
Building C object CMakeFiles/cmTC_39bb1.dir/CheckSymbolExists.c.o
/Applications/Xcode.app/Contents/Developer/Toolchains/XcodeDefault.xctoolchain/usr/bin/cc -D_GNU_SOURCE=1  -isysroot /Applications/Xcode.app/Contents/Developer/Platforms/MacOSX.platform/Developer/SDKs/MacOSX10.14.sdk   -o CMakeFiles/cmTC_39bb1.dir/CheckSymbolExists.c.o   -c /Users/rvjansen/apps/oorexx-code-0/CMakeFiles/CMakeTmp/CheckSymbolExists.c
/Users/rvjansen/apps/oorexx-code-0/CMakeFiles/CMakeTmp/CheckSymbolExists.c:2:10: fatal error: 'linux/kd.h' file not found
#include <linux/kd.h>
         ^~~~~~~~~~~~
1 error generated.
make[1]: *** [CMakeFiles/cmTC_39bb1.dir/CheckSymbolExists.c.o] Error 1
make: *** [cmTC_39bb1/fast] Error 2

File /Users/rvjansen/apps/oorexx-code-0/CMakeFiles/CMakeTmp/CheckSymbolExists.c:
/* */
#include <linux/kd.h>

int main(int argc, char** argv)
{
  (void)argv;
#ifndef KDMKTONE
  return ((int*)(&KDMKTONE))[argc];
#else
  (void)argc;
  return 0;
#endif
}

Determining if the getexecname exist failed with the following output:
Change Dir: /Users/rvjansen/apps/oorexx-code-0/CMakeFiles/CMakeTmp

Run Build Command:"/usr/bin/make" "cmTC_13afa/fast"
/Applications/Xcode.app/Contents/Developer/usr/bin/make -f CMakeFiles/cmTC_13afa.dir/build.make CMakeFiles/cmTC_13afa.dir/build
Building C object CMakeFiles/cmTC_13afa.dir/CheckSymbolExists.c.o
/Applications/Xcode.app/Contents/Developer/Toolchains/XcodeDefault.xctoolchain/usr/bin/cc -D_GNU_SOURCE=1  -isysroot /Applications/Xcode.app/Contents/Developer/Platforms/MacOSX.platform/Developer/SDKs/MacOSX10.14.sdk   -o CMakeFiles/cmTC_13afa.dir/CheckSymbolExists.c.o   -c /Users/rvjansen/apps/oorexx-code-0/CMakeFiles/CMakeTmp/CheckSymbolExists.c
/Users/rvjansen/apps/oorexx-code-0/CMakeFiles/CMakeTmp/CheckSymbolExists.c:8:19: error: use of undeclared identifier 'getexecname'; did you mean 'getprogname'?
  return ((int*)(&getexecname))[argc];
                  ^~~~~~~~~~~
                  getprogname
/Applications/Xcode.app/Contents/Developer/Platforms/MacOSX.platform/Developer/SDKs/MacOSX10.14.sdk/usr/include/stdlib.h:299:3: note: 'getprogname' declared here
        *getprogname(void);
         ^
1 error generated.
make[1]: *** [CMakeFiles/cmTC_13afa.dir/CheckSymbolExists.c.o] Error 1
make: *** [cmTC_13afa/fast] Error 2

File /Users/rvjansen/apps/oorexx-code-0/CMakeFiles/CMakeTmp/CheckSymbolExists.c:
/* */
#include <stdlib.h>

int main(int argc, char** argv)
{
  (void)argv;
#ifndef getexecname
  return ((int*)(&getexecname))[argc];
#else
  (void)argc;
  return 0;
#endif
}

Performing C SOURCE FILE Test HAVE_STAT_ST_MTIM failed with the following output:
Change Dir: /Users/rvjansen/apps/oorexx-code-0/CMakeFiles/CMakeTmp

Run Build Command:"/usr/bin/make" "cmTC_59fcf/fast"
/Applications/Xcode.app/Contents/Developer/usr/bin/make -f CMakeFiles/cmTC_59fcf.dir/build.make CMakeFiles/cmTC_59fcf.dir/build
Building C object CMakeFiles/cmTC_59fcf.dir/src.c.o
/Applications/Xcode.app/Contents/Developer/Toolchains/XcodeDefault.xctoolchain/usr/bin/cc -D_GNU_SOURCE=1  -DHAVE_STAT_ST_MTIM -isysroot /Applications/Xcode.app/Contents/Developer/Platforms/MacOSX.platform/Developer/SDKs/MacOSX10.14.sdk   -o CMakeFiles/cmTC_59fcf.dir/src.c.o   -c /Users/rvjansen/apps/oorexx-code-0/CMakeFiles/CMakeTmp/src.c
/Users/rvjansen/apps/oorexx-code-0/CMakeFiles/CMakeTmp/src.c:6:37: error: no member named 'st_mtim' in 'struct stat'
   (void)sizeof(((struct stat *)0)->st_mtim);
                ~~~~~~~~~~~~~~~~~~  ^
1 error generated.
make[1]: *** [CMakeFiles/cmTC_59fcf.dir/src.c.o] Error 1
make: *** [cmTC_59fcf/fast] Error 2

Source file was:

#include <sys/stat.h>

int main()
{
   (void)sizeof(((struct stat *)0)->st_mtim);
   return 0;
}

Determining if the include file malloc.h exists failed with the following output:
Change Dir: /Users/rvjansen/apps/oorexx-code-0/CMakeFiles/CMakeTmp

Run Build Command:"/usr/bin/make" "cmTC_87cea/fast"
/Applications/Xcode.app/Contents/Developer/usr/bin/make -f CMakeFiles/cmTC_87cea.dir/build.make CMakeFiles/cmTC_87cea.dir/build
Building C object CMakeFiles/cmTC_87cea.dir/CheckIncludeFile.c.o
/Applications/Xcode.app/Contents/Developer/Toolchains/XcodeDefault.xctoolchain/usr/bin/cc   -isysroot /Applications/Xcode.app/Contents/Developer/Platforms/MacOSX.platform/Developer/SDKs/MacOSX10.14.sdk   -o CMakeFiles/cmTC_87cea.dir/CheckIncludeFile.c.o   -c /Users/rvjansen/apps/oorexx-code-0/CMakeFiles/CMakeTmp/CheckIncludeFile.c
/Users/rvjansen/apps/oorexx-code-0/CMakeFiles/CMakeTmp/CheckIncludeFile.c:1:10: fatal error: 'malloc.h' file not found
#include <malloc.h>
         ^~~~~~~~~~
1 error generated.
make[1]: *** [CMakeFiles/cmTC_87cea.dir/CheckIncludeFile.c.o] Error 1
make: *** [cmTC_87cea/fast] Error 2


Determining if the function nsleep exists failed with the following output:
Change Dir: /Users/rvjansen/apps/oorexx-code-0/CMakeFiles/CMakeTmp

Run Build Command:"/usr/bin/make" "cmTC_1dad5/fast"
/Applications/Xcode.app/Contents/Developer/usr/bin/make -f CMakeFiles/cmTC_1dad5.dir/build.make CMakeFiles/cmTC_1dad5.dir/build
Building C object CMakeFiles/cmTC_1dad5.dir/CheckFunctionExists.c.o
/Applications/Xcode.app/Contents/Developer/Toolchains/XcodeDefault.xctoolchain/usr/bin/cc   -DCHECK_FUNCTION_EXISTS=nsleep -isysroot /Applications/Xcode.app/Contents/Developer/Platforms/MacOSX.platform/Developer/SDKs/MacOSX10.14.sdk   -o CMakeFiles/cmTC_1dad5.dir/CheckFunctionExists.c.o   -c /Applications/CMake.app/Contents/share/cmake-3.13/Modules/CheckFunctionExists.c
Linking C executable cmTC_1dad5
/Applications/CMake.app/Contents/bin/cmake -E cmake_link_script CMakeFiles/cmTC_1dad5.dir/link.txt --verbose=1
/Applications/Xcode.app/Contents/Developer/Toolchains/XcodeDefault.xctoolchain/usr/bin/cc  -DCHECK_FUNCTION_EXISTS=nsleep -isysroot /Applications/Xcode.app/Contents/Developer/Platforms/MacOSX.platform/Developer/SDKs/MacOSX10.14.sdk -Wl,-search_paths_first -Wl,-headerpad_max_install_names -L/usr/local/opt/gettext/lib  CMakeFiles/cmTC_1dad5.dir/CheckFunctionExists.c.o  -o cmTC_1dad5 
ld: warning: directory not found for option '-L/usr/local/opt/gettext/lib'
Undefined symbols for architecture x86_64:
  "_nsleep", referenced from:
      _main in CheckFunctionExists.c.o
ld: symbol(s) not found for architecture x86_64
clang: error: linker command failed with exit code 1 (use -v to see invocation)
make[1]: *** [cmTC_1dad5] Error 1
make: *** [cmTC_1dad5/fast] Error 2


Determining if the include file attr/xattr.h exists failed with the following output:
Change Dir: /Users/rvjansen/apps/oorexx-code-0/CMakeFiles/CMakeTmp

Run Build Command:"/usr/bin/make" "cmTC_a9619/fast"
/Applications/Xcode.app/Contents/Developer/usr/bin/make -f CMakeFiles/cmTC_a9619.dir/build.make CMakeFiles/cmTC_a9619.dir/build
Building C object CMakeFiles/cmTC_a9619.dir/CheckIncludeFile.c.o
/Applications/Xcode.app/Contents/Developer/Toolchains/XcodeDefault.xctoolchain/usr/bin/cc   -isysroot /Applications/Xcode.app/Contents/Developer/Platforms/MacOSX.platform/Developer/SDKs/MacOSX10.14.sdk   -o CMakeFiles/cmTC_a9619.dir/CheckIncludeFile.c.o   -c /Users/rvjansen/apps/oorexx-code-0/CMakeFiles/CMakeTmp/CheckIncludeFile.c
/Users/rvjansen/apps/oorexx-code-0/CMakeFiles/CMakeTmp/CheckIncludeFile.c:1:10: fatal error: 'attr/xattr.h' file not found
#include <attr/xattr.h>
         ^~~~~~~~~~~~~~
1 error generated.
make[1]: *** [CMakeFiles/cmTC_a9619.dir/CheckIncludeFile.c.o] Error 1
make: *** [cmTC_a9619/fast] Error 2


Determining if the include file features.h exists failed with the following output:
Change Dir: /Users/rvjansen/apps/oorexx-code-0/CMakeFiles/CMakeTmp

Run Build Command:"/usr/bin/make" "cmTC_12961/fast"
/Applications/Xcode.app/Contents/Developer/usr/bin/make -f CMakeFiles/cmTC_12961.dir/build.make CMakeFiles/cmTC_12961.dir/build
Building C object CMakeFiles/cmTC_12961.dir/CheckIncludeFile.c.o
/Applications/Xcode.app/Contents/Developer/Toolchains/XcodeDefault.xctoolchain/usr/bin/cc   -isysroot /Applications/Xcode.app/Contents/Developer/Platforms/MacOSX.platform/Developer/SDKs/MacOSX10.14.sdk   -o CMakeFiles/cmTC_12961.dir/CheckIncludeFile.c.o   -c /Users/rvjansen/apps/oorexx-code-0/CMakeFiles/CMakeTmp/CheckIncludeFile.c
/Users/rvjansen/apps/oorexx-code-0/CMakeFiles/CMakeTmp/CheckIncludeFile.c:1:10: fatal error: 'features.h' file not found
#include <features.h>
         ^~~~~~~~~~~~
1 error generated.
make[1]: *** [CMakeFiles/cmTC_12961.dir/CheckIncludeFile.c.o] Error 1
make: *** [cmTC_12961/fast] Error 2


Determining if the include file filehdr.h exists failed with the following output:
Change Dir: /Users/rvjansen/apps/oorexx-code-0/CMakeFiles/CMakeTmp

Run Build Command:"/usr/bin/make" "cmTC_4f4a4/fast"
/Applications/Xcode.app/Contents/Developer/usr/bin/make -f CMakeFiles/cmTC_4f4a4.dir/build.make CMakeFiles/cmTC_4f4a4.dir/build
Building C object CMakeFiles/cmTC_4f4a4.dir/CheckIncludeFile.c.o
/Applications/Xcode.app/Contents/Developer/Toolchains/XcodeDefault.xctoolchain/usr/bin/cc   -isysroot /Applications/Xcode.app/Contents/Developer/Platforms/MacOSX.platform/Developer/SDKs/MacOSX10.14.sdk   -o CMakeFiles/cmTC_4f4a4.dir/CheckIncludeFile.c.o   -c /Users/rvjansen/apps/oorexx-code-0/CMakeFiles/CMakeTmp/CheckIncludeFile.c
/Users/rvjansen/apps/oorexx-code-0/CMakeFiles/CMakeTmp/CheckIncludeFile.c:1:10: fatal error: 'filehdr.h' file not found
#include <filehdr.h>
         ^~~~~~~~~~~
1 error generated.
make[1]: *** [CMakeFiles/cmTC_4f4a4.dir/CheckIncludeFile.c.o] Error 1
make: *** [cmTC_4f4a4/fast] Error 2


Determining if the function IDtouser exists failed with the following output:
Change Dir: /Users/rvjansen/apps/oorexx-code-0/CMakeFiles/CMakeTmp

Run Build Command:"/usr/bin/make" "cmTC_e155d/fast"
/Applications/Xcode.app/Contents/Developer/usr/bin/make -f CMakeFiles/cmTC_e155d.dir/build.make CMakeFiles/cmTC_e155d.dir/build
Building C object CMakeFiles/cmTC_e155d.dir/CheckFunctionExists.c.o
/Applications/Xcode.app/Contents/Developer/Toolchains/XcodeDefault.xctoolchain/usr/bin/cc   -DCHECK_FUNCTION_EXISTS=IDtouser -isysroot /Applications/Xcode.app/Contents/Developer/Platforms/MacOSX.platform/Developer/SDKs/MacOSX10.14.sdk   -o CMakeFiles/cmTC_e155d.dir/CheckFunctionExists.c.o   -c /Applications/CMake.app/Contents/share/cmake-3.13/Modules/CheckFunctionExists.c
Linking C executable cmTC_e155d
/Applications/CMake.app/Contents/bin/cmake -E cmake_link_script CMakeFiles/cmTC_e155d.dir/link.txt --verbose=1
/Applications/Xcode.app/Contents/Developer/Toolchains/XcodeDefault.xctoolchain/usr/bin/cc  -DCHECK_FUNCTION_EXISTS=IDtouser -isysroot /Applications/Xcode.app/Contents/Developer/Platforms/MacOSX.platform/Developer/SDKs/MacOSX10.14.sdk -Wl,-search_paths_first -Wl,-headerpad_max_install_names -L/usr/local/opt/gettext/lib  CMakeFiles/cmTC_e155d.dir/CheckFunctionExists.c.o  -o cmTC_e155d 
ld: warning: directory not found for option '-L/usr/local/opt/gettext/lib'
Undefined symbols for architecture x86_64:
  "_IDtouser", referenced from:
      _main in CheckFunctionExists.c.o
ld: symbol(s) not found for architecture x86_64
clang: error: linker command failed with exit code 1 (use -v to see invocation)
make[1]: *** [cmTC_e155d] Error 1
make: *** [cmTC_e155d/fast] Error 2


Determining if the include file mesg.h exists failed with the following output:
Change Dir: /Users/rvjansen/apps/oorexx-code-0/CMakeFiles/CMakeTmp

Run Build Command:"/usr/bin/make" "cmTC_3d4f3/fast"
/Applications/Xcode.app/Contents/Developer/usr/bin/make -f CMakeFiles/cmTC_3d4f3.dir/build.make CMakeFiles/cmTC_3d4f3.dir/build
Building C object CMakeFiles/cmTC_3d4f3.dir/CheckIncludeFile.c.o
/Applications/Xcode.app/Contents/Developer/Toolchains/XcodeDefault.xctoolchain/usr/bin/cc   -isysroot /Applications/Xcode.app/Contents/Developer/Platforms/MacOSX.platform/Developer/SDKs/MacOSX10.14.sdk   -o CMakeFiles/cmTC_3d4f3.dir/CheckIncludeFile.c.o   -c /Users/rvjansen/apps/oorexx-code-0/CMakeFiles/CMakeTmp/CheckIncludeFile.c
/Users/rvjansen/apps/oorexx-code-0/CMakeFiles/CMakeTmp/CheckIncludeFile.c:1:10: fatal error: 'mesg.h' file not found
#include <mesg.h>
         ^~~~~~~~
1 error generated.
make[1]: *** [CMakeFiles/cmTC_3d4f3.dir/CheckIncludeFile.c.o] Error 1
make: *** [cmTC_3d4f3/fast] Error 2


Determining if the function pthread_mutex_timedlock exists failed with the following output:
Change Dir: /Users/rvjansen/apps/oorexx-code-0/CMakeFiles/CMakeTmp

Run Build Command:"/usr/bin/make" "cmTC_f0f32/fast"
/Applications/Xcode.app/Contents/Developer/usr/bin/make -f CMakeFiles/cmTC_f0f32.dir/build.make CMakeFiles/cmTC_f0f32.dir/build
Building C object CMakeFiles/cmTC_f0f32.dir/CheckFunctionExists.c.o
/Applications/Xcode.app/Contents/Developer/Toolchains/XcodeDefault.xctoolchain/usr/bin/cc -D_GNU_SOURCE=1  -DCHECK_FUNCTION_EXISTS=pthread_mutex_timedlock -isysroot /Applications/Xcode.app/Contents/Developer/Platforms/MacOSX.platform/Developer/SDKs/MacOSX10.14.sdk   -o CMakeFiles/cmTC_f0f32.dir/CheckFunctionExists.c.o   -c /Applications/CMake.app/Contents/share/cmake-3.13/Modules/CheckFunctionExists.c
Linking C executable cmTC_f0f32
/Applications/CMake.app/Contents/bin/cmake -E cmake_link_script CMakeFiles/cmTC_f0f32.dir/link.txt --verbose=1
/Applications/Xcode.app/Contents/Developer/Toolchains/XcodeDefault.xctoolchain/usr/bin/cc  -DCHECK_FUNCTION_EXISTS=pthread_mutex_timedlock -isysroot /Applications/Xcode.app/Contents/Developer/Platforms/MacOSX.platform/Developer/SDKs/MacOSX10.14.sdk -Wl,-search_paths_first -Wl,-headerpad_max_install_names -L/usr/local/opt/gettext/lib  CMakeFiles/cmTC_f0f32.dir/CheckFunctionExists.c.o  -o cmTC_f0f32 -lpthread 
ld: warning: directory not found for option '-L/usr/local/opt/gettext/lib'
Undefined symbols for architecture x86_64:
  "_pthread_mutex_timedlock", referenced from:
      _main in CheckFunctionExists.c.o
ld: symbol(s) not found for architecture x86_64
clang: error: linker command failed with exit code 1 (use -v to see invocation)
make[1]: *** [cmTC_f0f32] Error 1
make: *** [cmTC_f0f32/fast] Error 2


Determining if the KDMKTONE exist failed with the following output:
Change Dir: /Users/rvjansen/apps/oorexx-code-0/CMakeFiles/CMakeTmp

Run Build Command:"/usr/bin/make" "cmTC_0ff6b/fast"
/Applications/Xcode.app/Contents/Developer/usr/bin/make -f CMakeFiles/cmTC_0ff6b.dir/build.make CMakeFiles/cmTC_0ff6b.dir/build
Building C object CMakeFiles/cmTC_0ff6b.dir/CheckSymbolExists.c.o
/Applications/Xcode.app/Contents/Developer/Toolchains/XcodeDefault.xctoolchain/usr/bin/cc -D_GNU_SOURCE=1  -isysroot /Applications/Xcode.app/Contents/Developer/Platforms/MacOSX.platform/Developer/SDKs/MacOSX10.14.sdk   -o CMakeFiles/cmTC_0ff6b.dir/CheckSymbolExists.c.o   -c /Users/rvjansen/apps/oorexx-code-0/CMakeFiles/CMakeTmp/CheckSymbolExists.c
/Users/rvjansen/apps/oorexx-code-0/CMakeFiles/CMakeTmp/CheckSymbolExists.c:2:10: fatal error: 'linux/kd.h' file not found
#include <linux/kd.h>
         ^~~~~~~~~~~~
1 error generated.
make[1]: *** [CMakeFiles/cmTC_0ff6b.dir/CheckSymbolExists.c.o] Error 1
make: *** [cmTC_0ff6b/fast] Error 2

File /Users/rvjansen/apps/oorexx-code-0/CMakeFiles/CMakeTmp/CheckSymbolExists.c:
/* */
#include <linux/kd.h>

int main(int argc, char** argv)
{
  (void)argv;
#ifndef KDMKTONE
  return ((int*)(&KDMKTONE))[argc];
#else
  (void)argc;
  return 0;
#endif
}

Determining if the getexecname exist failed with the following output:
Change Dir: /Users/rvjansen/apps/oorexx-code-0/CMakeFiles/CMakeTmp

Run Build Command:"/usr/bin/make" "cmTC_989e3/fast"
/Applications/Xcode.app/Contents/Developer/usr/bin/make -f CMakeFiles/cmTC_989e3.dir/build.make CMakeFiles/cmTC_989e3.dir/build
Building C object CMakeFiles/cmTC_989e3.dir/CheckSymbolExists.c.o
/Applications/Xcode.app/Contents/Developer/Toolchains/XcodeDefault.xctoolchain/usr/bin/cc -D_GNU_SOURCE=1  -isysroot /Applications/Xcode.app/Contents/Developer/Platforms/MacOSX.platform/Developer/SDKs/MacOSX10.14.sdk   -o CMakeFiles/cmTC_989e3.dir/CheckSymbolExists.c.o   -c /Users/rvjansen/apps/oorexx-code-0/CMakeFiles/CMakeTmp/CheckSymbolExists.c
/Users/rvjansen/apps/oorexx-code-0/CMakeFiles/CMakeTmp/CheckSymbolExists.c:8:19: error: use of undeclared identifier 'getexecname'; did you mean 'getprogname'?
  return ((int*)(&getexecname))[argc];
                  ^~~~~~~~~~~
                  getprogname
/Applications/Xcode.app/Contents/Developer/Platforms/MacOSX.platform/Developer/SDKs/MacOSX10.14.sdk/usr/include/stdlib.h:299:3: note: 'getprogname' declared here
        *getprogname(void);
         ^
1 error generated.
make[1]: *** [CMakeFiles/cmTC_989e3.dir/CheckSymbolExists.c.o] Error 1
make: *** [cmTC_989e3/fast] Error 2

File /Users/rvjansen/apps/oorexx-code-0/CMakeFiles/CMakeTmp/CheckSymbolExists.c:
/* */
#include <stdlib.h>

int main(int argc, char** argv)
{
  (void)argv;
#ifndef getexecname
  return ((int*)(&getexecname))[argc];
#else
  (void)argc;
  return 0;
#endif
}

Performing C SOURCE FILE Test HAVE_STAT_ST_MTIM failed with the following output:
Change Dir: /Users/rvjansen/apps/oorexx-code-0/CMakeFiles/CMakeTmp

Run Build Command:"/usr/bin/make" "cmTC_96629/fast"
/Applications/Xcode.app/Contents/Developer/usr/bin/make -f CMakeFiles/cmTC_96629.dir/build.make CMakeFiles/cmTC_96629.dir/build
Building C object CMakeFiles/cmTC_96629.dir/src.c.o
/Applications/Xcode.app/Contents/Developer/Toolchains/XcodeDefault.xctoolchain/usr/bin/cc -D_GNU_SOURCE=1  -DHAVE_STAT_ST_MTIM -isysroot /Applications/Xcode.app/Contents/Developer/Platforms/MacOSX.platform/Developer/SDKs/MacOSX10.14.sdk   -o CMakeFiles/cmTC_96629.dir/src.c.o   -c /Users/rvjansen/apps/oorexx-code-0/CMakeFiles/CMakeTmp/src.c
/Users/rvjansen/apps/oorexx-code-0/CMakeFiles/CMakeTmp/src.c:6:37: error: no member named 'st_mtim' in 'struct stat'
   (void)sizeof(((struct stat *)0)->st_mtim);
                ~~~~~~~~~~~~~~~~~~  ^
1 error generated.
make[1]: *** [CMakeFiles/cmTC_96629.dir/src.c.o] Error 1
make: *** [cmTC_96629/fast] Error 2

Source file was:

#include <sys/stat.h>

int main()
{
   (void)sizeof(((struct stat *)0)->st_mtim);
   return 0;
}

Determining if the include file stropts.h exists failed with the following output:
Change Dir: /Users/rvjansen/apps/oorexx-code-0/CMakeFiles/CMakeTmp

Run Build Command:"/usr/bin/make" "cmTC_7f0b9/fast"
/Applications/Xcode.app/Contents/Developer/usr/bin/make -f CMakeFiles/cmTC_7f0b9.dir/build.make CMakeFiles/cmTC_7f0b9.dir/build
Building C object CMakeFiles/cmTC_7f0b9.dir/CheckIncludeFile.c.o
/Applications/Xcode.app/Contents/Developer/Toolchains/XcodeDefault.xctoolchain/usr/bin/cc -D_GNU_SOURCE=1  -isysroot /Applications/Xcode.app/Contents/Developer/Platforms/MacOSX.platform/Developer/SDKs/MacOSX10.14.sdk   -o CMakeFiles/cmTC_7f0b9.dir/CheckIncludeFile.c.o   -c /Users/rvjansen/apps/oorexx-code-0/CMakeFiles/CMakeTmp/CheckIncludeFile.c
/Users/rvjansen/apps/oorexx-code-0/CMakeFiles/CMakeTmp/CheckIncludeFile.c:1:10: fatal error: 'stropts.h' file not found
#include <stropts.h>
         ^~~~~~~~~~~
1 error generated.
make[1]: *** [CMakeFiles/cmTC_7f0b9.dir/CheckIncludeFile.c.o] Error 1
make: *** [cmTC_7f0b9/fast] Error 2


Determining if the include file sys/ldr.h exists failed with the following output:
Change Dir: /Users/rvjansen/apps/oorexx-code-0/CMakeFiles/CMakeTmp

Run Build Command:"/usr/bin/make" "cmTC_423a2/fast"
/Applications/Xcode.app/Contents/Developer/usr/bin/make -f CMakeFiles/cmTC_423a2.dir/build.make CMakeFiles/cmTC_423a2.dir/build
Building C object CMakeFiles/cmTC_423a2.dir/CheckIncludeFile.c.o
/Applications/Xcode.app/Contents/Developer/Toolchains/XcodeDefault.xctoolchain/usr/bin/cc -D_GNU_SOURCE=1  -isysroot /Applications/Xcode.app/Contents/Developer/Platforms/MacOSX.platform/Developer/SDKs/MacOSX10.14.sdk   -o CMakeFiles/cmTC_423a2.dir/CheckIncludeFile.c.o   -c /Users/rvjansen/apps/oorexx-code-0/CMakeFiles/CMakeTmp/CheckIncludeFile.c
/Users/rvjansen/apps/oorexx-code-0/CMakeFiles/CMakeTmp/CheckIncludeFile.c:1:10: fatal error: 'sys/ldr.h' file not found
#include <sys/ldr.h>
         ^~~~~~~~~~~
1 error generated.
make[1]: *** [CMakeFiles/cmTC_423a2.dir/CheckIncludeFile.c.o] Error 1
make: *** [cmTC_423a2/fast] Error 2


Determining if the include file usersec.h exists failed with the following output:
Change Dir: /Users/rvjansen/apps/oorexx-code-0/CMakeFiles/CMakeTmp

Run Build Command:"/usr/bin/make" "cmTC_32a65/fast"
/Applications/Xcode.app/Contents/Developer/usr/bin/make -f CMakeFiles/cmTC_32a65.dir/build.make CMakeFiles/cmTC_32a65.dir/build
Building C object CMakeFiles/cmTC_32a65.dir/CheckIncludeFile.c.o
/Applications/Xcode.app/Contents/Developer/Toolchains/XcodeDefault.xctoolchain/usr/bin/cc -D_GNU_SOURCE=1  -isysroot /Applications/Xcode.app/Contents/Developer/Platforms/MacOSX.platform/Developer/SDKs/MacOSX10.14.sdk   -o CMakeFiles/cmTC_32a65.dir/CheckIncludeFile.c.o   -c /Users/rvjansen/apps/oorexx-code-0/CMakeFiles/CMakeTmp/CheckIncludeFile.c
/Users/rvjansen/apps/oorexx-code-0/CMakeFiles/CMakeTmp/CheckIncludeFile.c:1:10: fatal error: 'usersec.h' file not found
#include <usersec.h>
         ^~~~~~~~~~~
1 error generated.
make[1]: *** [CMakeFiles/cmTC_32a65.dir/CheckIncludeFile.c.o] Error 1
make: *** [cmTC_32a65/fast] Error 2


